Arguments: 
  C:\Program Files\nodejs\node.exe C:\Program Files\nodejs\node_modules\yarn\bin\yarn.js add big-data-gui

PATH: 
  C:\Program Files\Kingdee\SmartDepServer;C:\Windows\system32;C:\Windows;C:\Windows\System32\Wbem;C:\Windows\System32\WindowsPowerShell\v1.0\;C:\Windows\System32\OpenSSH\;C:\Program Files (x86)\NVIDIA Corporation\PhysX\Common;C:\WINDOWS\system32;C:\WINDOWS;C:\WINDOWS\System32\Wbem;C:\WINDOWS\System32\WindowsPowerShell\v1.0\;C:\WINDOWS\System32\OpenSSH\;C:\Program Files\TortoiseSVN\bin;%NVM_HOME%;%NVM_SYMLINK%;C:\Program Files\Git\cmd;C:\Program Files\TortoiseGit\bin;C:\Program Files (x86)\ZeroTier\One\;C:\Users\haofe\AppData\Local\Microsoft\WindowsApps;C:\Users\haofe\AppData\Local\Programs\Microsoft VS Code\bin;C:\Users\haofe\AppData\Roaming\nvm;C:\Program Files\nodejs;D:\Program Files (x86)\APICloud Studio 3\bin

Yarn version: 
  1.22.10

Node version: 
  16.4.2

Platform: 
  win32 x64

Trace: 
  Error: https://npm.tx.cnmiaosu.com/big-data-gui: authorization required to access package big-data-gui
      at Request.params.callback [as _callback] (C:\Users\haofe\AppData\Roaming\nvm\v16.4.2\node_modules\yarn\lib\cli.js:66988:18)
      at Request.self.callback (C:\Users\haofe\AppData\Roaming\nvm\v16.4.2\node_modules\yarn\lib\cli.js:140662:22)
      at Request.emit (node:events:394:28)
      at Request.<anonymous> (C:\Users\haofe\AppData\Roaming\nvm\v16.4.2\node_modules\yarn\lib\cli.js:141634:10)
      at Request.emit (node:events:394:28)
      at IncomingMessage.<anonymous> (C:\Users\haofe\AppData\Roaming\nvm\v16.4.2\node_modules\yarn\lib\cli.js:141556:12)
      at Object.onceWrapper (node:events:513:28)
      at IncomingMessage.emit (node:events:406:35)
      at endReadableNT (node:internal/streams/readable:1329:12)
      at processTicksAndRejections (node:internal/process/task_queues:83:21)

npm manifest: 
  {
    "name": "sada",
    "version": "1.0.0",
    "description": "",
    "main": "index.js",
    "scripts": {
      "test": "echo \"Error: no test specified\" && exit 1"
    },
    "author": "",
    "license": "ISC"
  }

yarn manifest: 
  No manifest

Lockfile: 
  No lockfile
